<?xml version="1.0" encoding="UTF-8"?>
<!-- Generated by org.testng.reporters.JUnitXMLReporter -->
<testsuite hostname="GGN000190162001" ignored="0" name="Default test" tests="3" failures="0" timestamp="29 Dec 2019 07:12:58 GMT" time="7.872" errors="0">
  <testcase name="checkTitle" time="0.509" classname="Tests.HomePageTest"/>
  <testcase name="getTabsOfHomePage" time="0.002" classname="Tests.HomePageTest"/>
  <testcase name="searchForFlight" time="0.001" classname="Tests.HomePageTest"/>
</testsuite> <!-- Default test -->
