<?xml version="1.0" encoding="UTF-8"?>
<!-- Generated by org.testng.reporters.JUnitXMLReporter -->
<testsuite hostname="GGN000190162001" ignored="0" name="Default test" tests="8" failures="0" timestamp="30 Dec 2019 10:43:20 GMT" time="14.945" errors="0">
  <testcase name="DataProviderUseInTestNG" time="0.008" classname="Tests.HomePageTest"/>
  <testcase name="DataProviderUseInTestNG" time="0.002" classname="Tests.HomePageTest"/>
  <testcase name="DataProviderUseInTestNG" time="0.002" classname="Tests.HomePageTest"/>
  <testcase name="DataProviderUseInTestNG" time="0.003" classname="Tests.HomePageTest"/>
  <testcase name="DataProviderUseInTestNG" time="0.001" classname="Tests.HomePageTest"/>
  <testcase name="ParameterInTestNGUse" time="0.002" classname="Tests.HomePageTest"/>
  <testcase name="checkTitle" time="0.827" classname="Tests.HomePageTest"/>
  <testcase name="searchForFlight" time="0.001" classname="Tests.HomePageTest"/>
</testsuite> <!-- Default test -->
